<?xml version="1.0" encoding="UTF-8"?>
<!-- Generated by org.testng.reporters.JUnitReportReporter -->
<testsuite skipped="0" hostname="HOME" name="com.softhinkers.addition.TestAddition" tests="2" failures="0" timestamp="2020-12-03T19:58:45 IST" time="0.015" errors="0">
  <testcase name="testAdditionFloat" time="0.015" classname="com.softhinkers.addition.TestAddition"/>
  <system-out/>
  <testcase name="testAdditionInt" time="0.000" classname="com.softhinkers.addition.TestAddition"/>
  <system-out/>
</testsuite> <!-- com.softhinkers.addition.TestAddition -->
