<?xml version="1.0" encoding="UTF-8"?>
<!-- Generated by org.testng.reporters.JUnitReportReporter -->
<testsuite skipped="0" hostname="HOME" name="com.softhinkers.substraction.TestSubstraction" tests="2" failures="0" timestamp="2020-12-03T19:58:45 IST" time="0.008" errors="0">
  <testcase name="TestSubstractionInt" time="0.007" classname="com.softhinkers.substraction.TestSubstraction"/>
  <system-out/>
  <testcase name="TestSubstractionFloat" time="0.001" classname="com.softhinkers.substraction.TestSubstraction"/>
  <system-out/>
</testsuite> <!-- com.softhinkers.substraction.TestSubstraction -->
