<?xml version="1.0" encoding="UTF-8"?>
<!-- Generated by org.testng.reporters.JUnitReportReporter -->
<testsuite skipped="0" hostname="HOME" name="com.softhinkers.testngdependents.DependsOnGroups" tests="2" failures="0" timestamp="2020-12-03T20:52:16 IST" time="0.000" errors="0">
  <testcase name="LogIn" time="0.000" classname="com.softhinkers.testngdependents.DependsOnGroups"/>
  <system-out/>
  <testcase name="ViewAcc" time="0.000" classname="com.softhinkers.testngdependents.DependsOnGroups"/>
  <system-out/>
</testsuite> <!-- com.softhinkers.testngdependents.DependsOnGroups -->
