<?xml version="1.0" encoding="UTF-8"?>
<!-- Generated by org.testng.reporters.JUnitReportReporter -->
<testsuite skipped="0" hostname="HOME" name="com.softhinkers.division.TestDivision" tests="2" failures="0" timestamp="2020-11-25T19:46:46 IST" time="0.000" errors="0">
  <testcase name="TestDivisionInt" time="0.000" classname="com.softhinkers.division.TestDivision"/>
  <system-out/>
  <testcase name="TestDivisionFloat" time="0.000" classname="com.softhinkers.division.TestDivision"/>
  <system-out/>
</testsuite> <!-- com.softhinkers.division.TestDivision -->
