<?xml version="1.0" encoding="UTF-8"?>
<!-- Generated by org.testng.reporters.JUnitReportReporter -->
<testsuite skipped="0" hostname="HOME" name="com.softhinkers.annotations.TestngAnnotations" tests="1" failures="0" timestamp="2020-12-03T19:58:45 IST" time="0.002" errors="0">
  <testcase name="testCase1" time="0.002" classname="com.softhinkers.annotations.TestngAnnotations"/>
  <system-out/>
</testsuite> <!-- com.softhinkers.annotations.TestngAnnotations -->
