<?xml version="1.0" encoding="UTF-8"?>
<!-- Generated by org.testng.reporters.JUnitReportReporter -->
<testsuite skipped="0" hostname="HOME" name="com.softhinkers.testcasespriorities.TestCasesPriorities" tests="5" failures="0" timestamp="2020-12-03T20:52:16 IST" time="0.000" errors="0">
  <testcase name="c_method" time="0.000" classname="com.softhinkers.testcasespriorities.TestCasesPriorities"/>
  <system-out/>
  <testcase name="d_method" time="0.000" classname="com.softhinkers.testcasespriorities.TestCasesPriorities"/>
  <system-out/>
  <testcase name="a_method" time="0.000" classname="com.softhinkers.testcasespriorities.TestCasesPriorities"/>
  <system-out/>
  <testcase name="b_method" time="0.000" classname="com.softhinkers.testcasespriorities.TestCasesPriorities"/>
  <system-out/>
  <testcase name="e_Method" time="0.000" classname="com.softhinkers.testcasespriorities.TestCasesPriorities"/>
  <system-out/>
</testsuite> <!-- com.softhinkers.testcasespriorities.TestCasesPriorities -->
