<?xml version="1.0" encoding="UTF-8"?>
<!-- Generated by org.testng.reporters.JUnitReportReporter -->
<testsuite skipped="0" hostname="HOME" name="com.softhinkers.testngdependents.DependsOnMethod" tests="2" failures="0" timestamp="2020-12-03T20:52:16 IST" time="0.000" errors="0">
  <testcase name="SignIn" time="0.000" classname="com.softhinkers.testngdependents.DependsOnMethod"/>
  <system-out/>
  <testcase name="OpenBrowser" time="0.000" classname="com.softhinkers.testngdependents.DependsOnMethod"/>
  <system-out/>
</testsuite> <!-- com.softhinkers.testngdependents.DependsOnMethod -->
