<?xml version="1.0" encoding="UTF-8"?>
<!-- Generated by org.testng.reporters.JUnitReportReporter -->
<testsuite skipped="0" hostname="HOME" name="com.softhinkers.substraction.TestSubstraction" tests="2" failures="0" timestamp="2020-11-25T19:46:46 IST" time="0.000" errors="0">
  <testcase name="TestSubstractionInt" time="0.000" classname="com.softhinkers.substraction.TestSubstraction"/>
  <system-out/>
  <testcase name="TestSubstractionFloat" time="0.000" classname="com.softhinkers.substraction.TestSubstraction"/>
  <system-out/>
</testsuite> <!-- com.softhinkers.substraction.TestSubstraction -->
