<?xml version="1.0" encoding="UTF-8"?>
<!-- Generated by org.testng.reporters.JUnitReportReporter -->
<testsuite skipped="0" hostname="HOME" name="com.softhinkers.division.TestDivision" tests="2" failures="0" timestamp="2020-12-03T19:58:45 IST" time="0.002" errors="0">
  <testcase name="TestDivisionInt" time="0.001" classname="com.softhinkers.division.TestDivision"/>
  <system-out/>
  <testcase name="TestDivisionFloat" time="0.001" classname="com.softhinkers.division.TestDivision"/>
  <system-out/>
</testsuite> <!-- com.softhinkers.division.TestDivision -->
