<?xml version="1.0" encoding="UTF-8"?>
<!-- Generated by org.testng.reporters.JUnitReportReporter -->
<testsuite skipped="0" hostname="HOME" name="com.softhinkers.multiplication.TestMultiplication" tests="2" failures="0" timestamp="2020-12-03T19:58:45 IST" time="0.000" errors="0">
  <testcase name="TestMultiplicationInt" time="0.000" classname="com.softhinkers.multiplication.TestMultiplication"/>
  <system-out/>
  <testcase name="TestMultiplicationFloat" time="0.000" classname="com.softhinkers.multiplication.TestMultiplication"/>
  <system-out/>
</testsuite> <!-- com.softhinkers.multiplication.TestMultiplication -->
